<?xml version="1.0" encoding="UTF-8" ?>
<testsuites>
  <testsuite errors="1" failures="0" hostname="MacBook-Pro-Leonard.local" id="0" name="PointResultTest" package="org.example.weblab3" skipped="0" tests="1" time="0.0" timestamp="2025-04-14T18:47:05">
      <properties>
[...]
</properties>

      <error message="org.example.weblab3.PointResultTest" type="java.lang.ClassNotFoundException">java.lang.ClassNotFoundException: org.example.weblab3.PointResultTest
	at java.base/jdk.internal.loader.BuiltinClassLoader.loadClass(BuiltinClassLoader.java:641)
	at java.base/jdk.internal.loader.ClassLoaders$AppClassLoader.loadClass(ClassLoaders.java:188)
	at java.base/java.lang.ClassLoader.loadClass(ClassLoader.java:528)
	at java.base/java.lang.Class.forName0(Native Method)
	at java.base/java.lang.Class.forName(Class.java:578)
	at java.base/java.lang.Class.forName(Class.java:557)
</error>

      <system-out><![CDATA[]]></system-out>

      <system-err><![CDATA[]]></system-err>

  </testsuite>
</testsuites>
